This file contains any messages produced by compilers while
running configure, to aid debugging if configure makes a mistake.

It was created by pge configure 0.1, which was
generated by GNU Autoconf 2.69.  Invocation command line was

  $ ../pge-0.3/configure 

## --------- ##
## Platform. ##
## --------- ##

hostname = Tyrande
uname -m = x86_64
uname -r = 4.2.0-23-generic
uname -s = Linux
uname -v = #28-Ubuntu SMP Sun Dec 27 17:47:31 UTC 2015

/usr/bin/uname -p = unknown
/bin/uname -X     = unknown

/bin/arch              = unknown
/usr/bin/arch -k       = unknown
/usr/convex/getsysinfo = unknown
/usr/bin/hostinfo      = unknown
/bin/machine           = unknown
/usr/bin/oslevel       = unknown
/bin/universe          = unknown

PATH: /usr/local/sbin
PATH: /usr/local/bin
PATH: /usr/sbin
PATH: /usr/bin
PATH: /sbin
PATH: /bin
PATH: /usr/games
PATH: /usr/local/games


## ----------- ##
## Core tests. ##
## ----------- ##

configure:2295: checking for a BSD-compatible install
configure:2363: result: /usr/bin/install -c
configure:2374: checking whether build environment is sane
configure:2429: result: yes
configure:2580: checking for a thread-safe mkdir -p
configure:2619: result: /bin/mkdir -p
configure:2626: checking for gawk
configure:2642: found /usr/bin/gawk
configure:2653: result: gawk
configure:2664: checking whether make sets $(MAKE)
configure:2686: result: yes
configure:2715: checking whether make supports nested variables
configure:2732: result: yes
configure:2863: checking for gawk
configure:2890: result: gawk
configure:2913: checking for style of include used by make
configure:2941: result: GNU
configure:3012: checking for gcc
configure:3028: found /usr/bin/gcc
configure:3039: result: gcc
configure:3268: checking for C compiler version
configure:3277: gcc --version >&5
gcc (Ubuntu 5.2.1-22ubuntu2) 5.2.1 20151010
Copyright (C) 2015 Free Software Foundation, Inc.
This is free software; see the source for copying conditions.  There is NO
warranty; not even for MERCHANTABILITY or FITNESS FOR A PARTICULAR PURPOSE.

configure:3288: $? = 0
configure:3277: gcc -v >&5
Using built-in specs.
COLLECT_GCC=gcc
COLLECT_LTO_WRAPPER=/usr/lib/gcc/x86_64-linux-gnu/5/lto-wrapper
Target: x86_64-linux-gnu
Configured with: ../src/configure -v --with-pkgversion='Ubuntu 5.2.1-22ubuntu2' --with-bugurl=file:///usr/share/doc/gcc-5/README.Bugs --enable-languages=c,ada,c++,java,go,d,fortran,objc,obj-c++ --prefix=/usr --program-suffix=-5 --enable-shared --enable-linker-build-id --libexecdir=/usr/lib --without-included-gettext --enable-threads=posix --libdir=/usr/lib --enable-nls --with-sysroot=/ --enable-clocale=gnu --enable-libstdcxx-debug --enable-libstdcxx-time=yes --with-default-libstdcxx-abi=new --enable-gnu-unique-object --disable-vtable-verify --enable-libmpx --enable-plugin --with-system-zlib --disable-browser-plugin --enable-java-awt=gtk --enable-gtk-cairo --with-java-home=/usr/lib/jvm/java-1.5.0-gcj-5-amd64/jre --enable-java-home --with-jvm-root-dir=/usr/lib/jvm/java-1.5.0-gcj-5-amd64 --with-jvm-jar-dir=/usr/lib/jvm-exports/java-1.5.0-gcj-5-amd64 --with-arch-directory=amd64 --with-ecj-jar=/usr/share/java/eclipse-ecj.jar --enable-objc-gc --enable-multiarch --disable-werror --with-arch-32=i686 --with-abi=m64 --with-multilib-list=m32,m64,mx32 --enable-multilib --with-tune=generic --enable-checking=release --build=x86_64-linux-gnu --host=x86_64-linux-gnu --target=x86_64-linux-gnu
Thread model: posix
gcc version 5.2.1 20151010 (Ubuntu 5.2.1-22ubuntu2) 
configure:3288: $? = 0
configure:3277: gcc -V >&5
gcc: error: unrecognized command line option '-V'
gcc: fatal error: no input files
compilation terminated.
configure:3288: $? = 1
configure:3277: gcc -qversion >&5
gcc: error: unrecognized command line option '-qversion'
gcc: fatal error: no input files
compilation terminated.
configure:3288: $? = 1
configure:3308: checking whether the C compiler works
configure:3330: gcc    conftest.c  >&5
configure:3334: $? = 0
configure:3382: result: yes
configure:3385: checking for C compiler default output file name
configure:3387: result: a.out
configure:3393: checking for suffix of executables
configure:3400: gcc -o conftest    conftest.c  >&5
configure:3404: $? = 0
configure:3426: result: 
configure:3448: checking whether we are cross compiling
configure:3456: gcc -o conftest    conftest.c  >&5
configure:3460: $? = 0
configure:3467: ./conftest
configure:3471: $? = 0
configure:3486: result: no
configure:3491: checking for suffix of object files
configure:3513: gcc -c   conftest.c >&5
configure:3517: $? = 0
configure:3538: result: o
configure:3542: checking whether we are using the GNU C compiler
configure:3561: gcc -c   conftest.c >&5
configure:3561: $? = 0
configure:3570: result: yes
configure:3579: checking whether gcc accepts -g
configure:3599: gcc -c -g  conftest.c >&5
configure:3599: $? = 0
configure:3640: result: yes
configure:3657: checking for gcc option to accept ISO C89
configure:3720: gcc  -c -g -O2  conftest.c >&5
configure:3720: $? = 0
configure:3733: result: none needed
configure:3758: checking whether gcc understands -c and -o together
configure:3780: gcc -c conftest.c -o conftest2.o
configure:3783: $? = 0
configure:3780: gcc -c conftest.c -o conftest2.o
configure:3783: $? = 0
configure:3795: result: yes
configure:3814: checking dependency style of gcc
configure:3925: result: gcc3
configure:3945: checking how to run the C preprocessor
configure:3976: gcc -E  conftest.c
configure:3976: $? = 0
configure:3990: gcc -E  conftest.c
conftest.c:11:28: fatal error: ac_nonexistent.h: No such file or directory
compilation terminated.
configure:3990: $? = 1
configure: failed program was:
| /* confdefs.h */
| #define PACKAGE_NAME "pge"
| #define PACKAGE_TARNAME "pge"
| #define PACKAGE_VERSION "0.1"
| #define PACKAGE_STRING "pge 0.1"
| #define PACKAGE_BUGREPORT ""
| #define PACKAGE_URL ""
| #define PACKAGE "pge"
| #define VERSION "0.1"
| /* end confdefs.h.  */
| #include <ac_nonexistent.h>
configure:4015: result: gcc -E
configure:4035: gcc -E  conftest.c
configure:4035: $? = 0
configure:4049: gcc -E  conftest.c
conftest.c:11:28: fatal error: ac_nonexistent.h: No such file or directory
compilation terminated.
configure:4049: $? = 1
configure: failed program was:
| /* confdefs.h */
| #define PACKAGE_NAME "pge"
| #define PACKAGE_TARNAME "pge"
| #define PACKAGE_VERSION "0.1"
| #define PACKAGE_STRING "pge 0.1"
| #define PACKAGE_BUGREPORT ""
| #define PACKAGE_URL ""
| #define PACKAGE "pge"
| #define VERSION "0.1"
| /* end confdefs.h.  */
| #include <ac_nonexistent.h>
configure:4135: checking for g++
configure:4151: found /usr/bin/g++
configure:4162: result: g++
configure:4189: checking for C++ compiler version
configure:4198: g++ --version >&5
g++ (Ubuntu 5.2.1-22ubuntu2) 5.2.1 20151010
Copyright (C) 2015 Free Software Foundation, Inc.
This is free software; see the source for copying conditions.  There is NO
warranty; not even for MERCHANTABILITY or FITNESS FOR A PARTICULAR PURPOSE.

configure:4209: $? = 0
configure:4198: g++ -v >&5
Using built-in specs.
COLLECT_GCC=g++
COLLECT_LTO_WRAPPER=/usr/lib/gcc/x86_64-linux-gnu/5/lto-wrapper
Target: x86_64-linux-gnu
Configured with: ../src/configure -v --with-pkgversion='Ubuntu 5.2.1-22ubuntu2' --with-bugurl=file:///usr/share/doc/gcc-5/README.Bugs --enable-languages=c,ada,c++,java,go,d,fortran,objc,obj-c++ --prefix=/usr --program-suffix=-5 --enable-shared --enable-linker-build-id --libexecdir=/usr/lib --without-included-gettext --enable-threads=posix --libdir=/usr/lib --enable-nls --with-sysroot=/ --enable-clocale=gnu --enable-libstdcxx-debug --enable-libstdcxx-time=yes --with-default-libstdcxx-abi=new --enable-gnu-unique-object --disable-vtable-verify --enable-libmpx --enable-plugin --with-system-zlib --disable-browser-plugin --enable-java-awt=gtk --enable-gtk-cairo --with-java-home=/usr/lib/jvm/java-1.5.0-gcj-5-amd64/jre --enable-java-home --with-jvm-root-dir=/usr/lib/jvm/java-1.5.0-gcj-5-amd64 --with-jvm-jar-dir=/usr/lib/jvm-exports/java-1.5.0-gcj-5-amd64 --with-arch-directory=amd64 --with-ecj-jar=/usr/share/java/eclipse-ecj.jar --enable-objc-gc --enable-multiarch --disable-werror --with-arch-32=i686 --with-abi=m64 --with-multilib-list=m32,m64,mx32 --enable-multilib --with-tune=generic --enable-checking=release --build=x86_64-linux-gnu --host=x86_64-linux-gnu --target=x86_64-linux-gnu
Thread model: posix
gcc version 5.2.1 20151010 (Ubuntu 5.2.1-22ubuntu2) 
configure:4209: $? = 0
configure:4198: g++ -V >&5
g++: error: unrecognized command line option '-V'
g++: fatal error: no input files
compilation terminated.
configure:4209: $? = 1
configure:4198: g++ -qversion >&5
g++: error: unrecognized command line option '-qversion'
g++: fatal error: no input files
compilation terminated.
configure:4209: $? = 1
configure:4213: checking whether we are using the GNU C++ compiler
configure:4232: g++ -c   conftest.cpp >&5
configure:4232: $? = 0
configure:4241: result: yes
configure:4250: checking whether g++ accepts -g
configure:4270: g++ -c -g  conftest.cpp >&5
configure:4270: $? = 0
configure:4311: result: yes
configure:4336: checking dependency style of g++
configure:4447: result: gcc3
configure:4463: checking whether ln -s works
configure:4467: result: yes
configure:4474: checking whether make sets $(MAKE)
configure:4496: result: yes
configure:4538: checking build system type
configure:4552: result: x86_64-unknown-linux-gnu
configure:4572: checking host system type
configure:4585: result: x86_64-unknown-linux-gnu
configure:4626: checking how to print strings
configure:4653: result: printf
configure:4674: checking for a sed that does not truncate output
configure:4738: result: /bin/sed
configure:4756: checking for grep that handles long lines and -e
configure:4814: result: /bin/grep
configure:4819: checking for egrep
configure:4881: result: /bin/grep -E
configure:4886: checking for fgrep
configure:4948: result: /bin/grep -F
configure:4983: checking for ld used by gcc
configure:5050: result: /usr/bin/ld
configure:5057: checking if the linker (/usr/bin/ld) is GNU ld
configure:5072: result: yes
configure:5084: checking for BSD- or MS-compatible name lister (nm)
configure:5133: result: /usr/bin/nm -B
configure:5263: checking the name lister (/usr/bin/nm -B) interface
configure:5270: gcc -c -g -O2  conftest.c >&5
configure:5273: /usr/bin/nm -B "conftest.o"
configure:5276: output
0000000000000000 B some_variable
configure:5283: result: BSD nm
configure:5287: checking the maximum length of command line arguments
configure:5418: result: 1572864
configure:5435: checking whether the shell understands some XSI constructs
configure:5445: result: yes
configure:5449: checking whether the shell understands "+="
configure:5455: result: yes
configure:5490: checking how to convert x86_64-unknown-linux-gnu file names to x86_64-unknown-linux-gnu format
configure:5530: result: func_convert_file_noop
configure:5537: checking how to convert x86_64-unknown-linux-gnu file names to toolchain format
configure:5557: result: func_convert_file_noop
configure:5564: checking for /usr/bin/ld option to reload object files
configure:5571: result: -r
configure:5645: checking for objdump
configure:5661: found /usr/bin/objdump
configure:5672: result: objdump
configure:5704: checking how to recognize dependent libraries
configure:5902: result: pass_all
configure:5987: checking for dlltool
configure:6017: result: no
configure:6047: checking how to associate runtime and link libraries
configure:6074: result: printf %s\n
configure:6135: checking for ar
configure:6151: found /usr/bin/ar
configure:6162: result: ar
configure:6199: checking for archiver @FILE support
configure:6216: gcc -c -g -O2  conftest.c >&5
configure:6216: $? = 0
configure:6219: ar cru libconftest.a @conftest.lst >&5
ar: `u' modifier ignored since `D' is the default (see `U')
configure:6222: $? = 0
configure:6227: ar cru libconftest.a @conftest.lst >&5
ar: `u' modifier ignored since `D' is the default (see `U')
ar: conftest.o: No such file or directory
configure:6230: $? = 1
configure:6242: result: @
configure:6300: checking for strip
configure:6316: found /usr/bin/strip
configure:6327: result: strip
configure:6399: checking for ranlib
configure:6415: found /usr/bin/ranlib
configure:6426: result: ranlib
configure:6528: checking command to parse /usr/bin/nm -B output from gcc object
configure:6648: gcc -c -g -O2  conftest.c >&5
configure:6651: $? = 0
configure:6655: /usr/bin/nm -B conftest.o \| sed -n -e 's/^.*[ ]\([ABCDGIRSTW][ABCDGIRSTW]*\)[ ][ ]*\([_A-Za-z][_A-Za-z0-9]*\)$/\1 \2 \2/p' | sed '/ __gnu_lto/d' \> conftest.nm
configure:6658: $? = 0
configure:6724: gcc -o conftest -g -O2   conftest.c conftstm.o >&5
configure:6727: $? = 0
configure:6765: result: ok
configure:6802: checking for sysroot
configure:6832: result: no
configure:6909: gcc -c -g -O2  conftest.c >&5
configure:6912: $? = 0
configure:7101: checking for mt
configure:7117: found /bin/mt
configure:7128: result: mt
configure:7151: checking if mt is a manifest tool
configure:7157: mt '-?'
configure:7165: result: no
configure:7803: checking for ANSI C header files
configure:7823: gcc -c -g -O2  conftest.c >&5
configure:7823: $? = 0
configure:7896: gcc -o conftest -g -O2   conftest.c  >&5
configure:7896: $? = 0
configure:7896: ./conftest
configure:7896: $? = 0
configure:7907: result: yes
configure:7920: checking for sys/types.h
configure:7920: gcc -c -g -O2  conftest.c >&5
configure:7920: $? = 0
configure:7920: result: yes
configure:7920: checking for sys/stat.h
configure:7920: gcc -c -g -O2  conftest.c >&5
configure:7920: $? = 0
configure:7920: result: yes
configure:7920: checking for stdlib.h
configure:7920: gcc -c -g -O2  conftest.c >&5
configure:7920: $? = 0
configure:7920: result: yes
configure:7920: checking for string.h
configure:7920: gcc -c -g -O2  conftest.c >&5
configure:7920: $? = 0
configure:7920: result: yes
configure:7920: checking for memory.h
configure:7920: gcc -c -g -O2  conftest.c >&5
configure:7920: $? = 0
configure:7920: result: yes
configure:7920: checking for strings.h
configure:7920: gcc -c -g -O2  conftest.c >&5
configure:7920: $? = 0
configure:7920: result: yes
configure:7920: checking for inttypes.h
configure:7920: gcc -c -g -O2  conftest.c >&5
configure:7920: $? = 0
configure:7920: result: yes
configure:7920: checking for stdint.h
configure:7920: gcc -c -g -O2  conftest.c >&5
configure:7920: $? = 0
configure:7920: result: yes
configure:7920: checking for unistd.h
configure:7920: gcc -c -g -O2  conftest.c >&5
configure:7920: $? = 0
configure:7920: result: yes
configure:7934: checking for dlfcn.h
configure:7934: gcc -c -g -O2  conftest.c >&5
configure:7934: $? = 0
configure:7934: result: yes
configure:8151: checking for objdir
configure:8166: result: .libs
configure:8437: checking if gcc supports -fno-rtti -fno-exceptions
configure:8455: gcc -c -g -O2  -fno-rtti -fno-exceptions conftest.c >&5
cc1: warning: command line option '-fno-rtti' is valid for C++/ObjC++ but not for C
configure:8459: $? = 0
configure:8472: result: no
configure:8799: checking for gcc option to produce PIC
configure:8806: result: -fPIC -DPIC
configure:8814: checking if gcc PIC flag -fPIC -DPIC works
configure:8832: gcc -c -g -O2  -fPIC -DPIC -DPIC conftest.c >&5
configure:8836: $? = 0
configure:8849: result: yes
configure:8878: checking if gcc static flag -static works
configure:8906: result: yes
configure:8921: checking if gcc supports -c -o file.o
configure:8942: gcc -c -g -O2  -o out/conftest2.o conftest.c >&5
configure:8946: $? = 0
configure:8968: result: yes
configure:8976: checking if gcc supports -c -o file.o
configure:9023: result: yes
configure:9056: checking whether the gcc linker (/usr/bin/ld -m elf_x86_64) supports shared libraries
configure:10213: result: yes
configure:10250: checking whether -lc should be explicitly linked in
configure:10258: gcc -c -g -O2  conftest.c >&5
configure:10261: $? = 0
configure:10276: gcc -shared  -fPIC -DPIC conftest.o  -v -Wl,-soname -Wl,conftest -o conftest 2\>\&1 \| /bin/grep  -lc  \>/dev/null 2\>\&1
configure:10279: $? = 0
configure:10293: result: no
configure:10453: checking dynamic linker characteristics
configure:10953: gcc -o conftest -g -O2   -Wl,-rpath -Wl,/foo conftest.c  >&5
configure:10953: $? = 0
configure:11187: result: GNU/Linux ld.so
configure:11294: checking how to hardcode library paths into programs
configure:11319: result: immediate
configure:11859: checking whether stripping libraries is possible
configure:11864: result: yes
configure:11899: checking if libtool supports shared libraries
configure:11901: result: yes
configure:11904: checking whether to build shared libraries
configure:11925: result: yes
configure:11928: checking whether to build static libraries
configure:11932: result: yes
configure:11955: checking how to run the C++ preprocessor
configure:11982: g++ -E  conftest.cpp
configure:11982: $? = 0
configure:11996: g++ -E  conftest.cpp
conftest.cpp:23:28: fatal error: ac_nonexistent.h: No such file or directory
compilation terminated.
configure:11996: $? = 1
configure: failed program was:
| /* confdefs.h */
| #define PACKAGE_NAME "pge"
| #define PACKAGE_TARNAME "pge"
| #define PACKAGE_VERSION "0.1"
| #define PACKAGE_STRING "pge 0.1"
| #define PACKAGE_BUGREPORT ""
| #define PACKAGE_URL ""
| #define PACKAGE "pge"
| #define VERSION "0.1"
| #define STDC_HEADERS 1
| #define HAVE_SYS_TYPES_H 1
| #define HAVE_SYS_STAT_H 1
| #define HAVE_STDLIB_H 1
| #define HAVE_STRING_H 1
| #define HAVE_MEMORY_H 1
| #define HAVE_STRINGS_H 1
| #define HAVE_INTTYPES_H 1
| #define HAVE_STDINT_H 1
| #define HAVE_UNISTD_H 1
| #define HAVE_DLFCN_H 1
| #define LT_OBJDIR ".libs/"
| /* end confdefs.h.  */
| #include <ac_nonexistent.h>
configure:12021: result: g++ -E
configure:12041: g++ -E  conftest.cpp
configure:12041: $? = 0
configure:12055: g++ -E  conftest.cpp
conftest.cpp:23:28: fatal error: ac_nonexistent.h: No such file or directory
compilation terminated.
configure:12055: $? = 1
configure: failed program was:
| /* confdefs.h */
| #define PACKAGE_NAME "pge"
| #define PACKAGE_TARNAME "pge"
| #define PACKAGE_VERSION "0.1"
| #define PACKAGE_STRING "pge 0.1"
| #define PACKAGE_BUGREPORT ""
| #define PACKAGE_URL ""
| #define PACKAGE "pge"
| #define VERSION "0.1"
| #define STDC_HEADERS 1
| #define HAVE_SYS_TYPES_H 1
| #define HAVE_SYS_STAT_H 1
| #define HAVE_STDLIB_H 1
| #define HAVE_STRING_H 1
| #define HAVE_MEMORY_H 1
| #define HAVE_STRINGS_H 1
| #define HAVE_INTTYPES_H 1
| #define HAVE_STDINT_H 1
| #define HAVE_UNISTD_H 1
| #define HAVE_DLFCN_H 1
| #define LT_OBJDIR ".libs/"
| /* end confdefs.h.  */
| #include <ac_nonexistent.h>
configure:12224: checking for ld used by g++
configure:12291: result: /usr/bin/ld -m elf_x86_64
configure:12298: checking if the linker (/usr/bin/ld -m elf_x86_64) is GNU ld
configure:12313: result: yes
configure:12368: checking whether the g++ linker (/usr/bin/ld -m elf_x86_64) supports shared libraries
configure:13370: result: yes
configure:13406: g++ -c -g -O2  conftest.cpp >&5
configure:13409: $? = 0
configure:13929: checking for g++ option to produce PIC
configure:13936: result: -fPIC -DPIC
configure:13944: checking if g++ PIC flag -fPIC -DPIC works
configure:13962: g++ -c -g -O2  -fPIC -DPIC -DPIC conftest.cpp >&5
configure:13966: $? = 0
configure:13979: result: yes
configure:14002: checking if g++ static flag -static works
configure:14030: result: yes
configure:14042: checking if g++ supports -c -o file.o
configure:14063: g++ -c -g -O2  -o out/conftest2.o conftest.cpp >&5
configure:14067: $? = 0
configure:14089: result: yes
configure:14094: checking if g++ supports -c -o file.o
configure:14141: result: yes
configure:14171: checking whether the g++ linker (/usr/bin/ld -m elf_x86_64) supports shared libraries
configure:14210: result: yes
configure:14351: checking dynamic linker characteristics
configure:15019: result: GNU/Linux ld.so
configure:15072: checking how to hardcode library paths into programs
configure:15097: result: immediate
configure:15161: checking for main in -lpth
configure:15180: gcc -o conftest -g -O2   conftest.c -lpth   >&5
/usr/bin/ld: cannot find -lpth
collect2: error: ld returned 1 exit status
configure:15180: $? = 1
configure: failed program was:
| /* confdefs.h */
| #define PACKAGE_NAME "pge"
| #define PACKAGE_TARNAME "pge"
| #define PACKAGE_VERSION "0.1"
| #define PACKAGE_STRING "pge 0.1"
| #define PACKAGE_BUGREPORT ""
| #define PACKAGE_URL ""
| #define PACKAGE "pge"
| #define VERSION "0.1"
| #define STDC_HEADERS 1
| #define HAVE_SYS_TYPES_H 1
| #define HAVE_SYS_STAT_H 1
| #define HAVE_STDLIB_H 1
| #define HAVE_STRING_H 1
| #define HAVE_MEMORY_H 1
| #define HAVE_STRINGS_H 1
| #define HAVE_INTTYPES_H 1
| #define HAVE_STDINT_H 1
| #define HAVE_UNISTD_H 1
| #define HAVE_DLFCN_H 1
| #define LT_OBJDIR ".libs/"
| /* end confdefs.h.  */
| 
| 
| int
| main ()
| {
| return main ();
|   ;
|   return 0;
| }
configure:15189: result: no
configure:15349: checking that generated files are newer than configure
configure:15355: result: done
configure:15382: creating ./config.status

## ---------------------- ##
## Running config.status. ##
## ---------------------- ##

This file was extended by pge config.status 0.1, which was
generated by GNU Autoconf 2.69.  Invocation command line was

  CONFIG_FILES    = 
  CONFIG_HEADERS  = 
  CONFIG_LINKS    = 
  CONFIG_COMMANDS = 
  $ ./config.status 

on Tyrande

config.status:1066: creating Makefile
config.status:1223: executing depfiles commands
config.status:1223: executing libtool commands

## ---------------- ##
## Cache variables. ##
## ---------------- ##

ac_cv_build=x86_64-unknown-linux-gnu
ac_cv_c_compiler_gnu=yes
ac_cv_cxx_compiler_gnu=yes
ac_cv_env_CCC_set=
ac_cv_env_CCC_value=
ac_cv_env_CC_set=
ac_cv_env_CC_value=
ac_cv_env_CFLAGS_set=
ac_cv_env_CFLAGS_value=
ac_cv_env_CPPFLAGS_set=
ac_cv_env_CPPFLAGS_value=
ac_cv_env_CPP_set=
ac_cv_env_CPP_value=
ac_cv_env_CXXCPP_set=
ac_cv_env_CXXCPP_value=
ac_cv_env_CXXFLAGS_set=
ac_cv_env_CXXFLAGS_value=
ac_cv_env_CXX_set=
ac_cv_env_CXX_value=
ac_cv_env_LDFLAGS_set=
ac_cv_env_LDFLAGS_value=
ac_cv_env_LIBS_set=
ac_cv_env_LIBS_value=
ac_cv_env_build_alias_set=
ac_cv_env_build_alias_value=
ac_cv_env_host_alias_set=
ac_cv_env_host_alias_value=
ac_cv_env_target_alias_set=
ac_cv_env_target_alias_value=
ac_cv_header_dlfcn_h=yes
ac_cv_header_inttypes_h=yes
ac_cv_header_memory_h=yes
ac_cv_header_stdc=yes
ac_cv_header_stdint_h=yes
ac_cv_header_stdlib_h=yes
ac_cv_header_string_h=yes
ac_cv_header_strings_h=yes
ac_cv_header_sys_stat_h=yes
ac_cv_header_sys_types_h=yes
ac_cv_header_unistd_h=yes
ac_cv_host=x86_64-unknown-linux-gnu
ac_cv_lib_pth=ac_cv_lib_pth_main
ac_cv_lib_pth_main=no
ac_cv_objext=o
ac_cv_path_EGREP='/bin/grep -E'
ac_cv_path_FGREP='/bin/grep -F'
ac_cv_path_GREP=/bin/grep
ac_cv_path_SED=/bin/sed
ac_cv_path_install='/usr/bin/install -c'
ac_cv_path_mkdir=/bin/mkdir
ac_cv_prog_AWK=gawk
ac_cv_prog_CPP='gcc -E'
ac_cv_prog_CXXCPP='g++ -E'
ac_cv_prog_ac_ct_AR=ar
ac_cv_prog_ac_ct_CC=gcc
ac_cv_prog_ac_ct_CXX=g++
ac_cv_prog_ac_ct_MANIFEST_TOOL=mt
ac_cv_prog_ac_ct_OBJDUMP=objdump
ac_cv_prog_ac_ct_RANLIB=ranlib
ac_cv_prog_ac_ct_STRIP=strip
ac_cv_prog_cc_c89=
ac_cv_prog_cc_g=yes
ac_cv_prog_cxx_g=yes
ac_cv_prog_make_make_set=yes
am_cv_CC_dependencies_compiler_type=gcc3
am_cv_CXX_dependencies_compiler_type=gcc3
am_cv_make_support_nested_variables=yes
am_cv_prog_cc_c_o=yes
lt_cv_ar_at_file=@
lt_cv_archive_cmds_need_lc=no
lt_cv_deplibs_check_method=pass_all
lt_cv_file_magic_cmd='$MAGIC_CMD'
lt_cv_file_magic_test_file=
lt_cv_ld_reload_flag=-r
lt_cv_nm_interface='BSD nm'
lt_cv_objdir=.libs
lt_cv_path_LD=/usr/bin/ld
lt_cv_path_LDCXX='/usr/bin/ld -m elf_x86_64'
lt_cv_path_NM='/usr/bin/nm -B'
lt_cv_path_mainfest_tool=no
lt_cv_prog_compiler_c_o=yes
lt_cv_prog_compiler_c_o_CXX=yes
lt_cv_prog_compiler_pic='-fPIC -DPIC'
lt_cv_prog_compiler_pic_CXX='-fPIC -DPIC'
lt_cv_prog_compiler_pic_works=yes
lt_cv_prog_compiler_pic_works_CXX=yes
lt_cv_prog_compiler_rtti_exceptions=no
lt_cv_prog_compiler_static_works=yes
lt_cv_prog_compiler_static_works_CXX=yes
lt_cv_prog_gnu_ld=yes
lt_cv_prog_gnu_ldcxx=yes
lt_cv_sharedlib_from_linklib_cmd='printf %s\n'
lt_cv_shlibpath_overrides_runpath=no
lt_cv_sys_global_symbol_pipe='sed -n -e '\''s/^.*[	 ]\([ABCDGIRSTW][ABCDGIRSTW]*\)[	 ][	 ]*\([_A-Za-z][_A-Za-z0-9]*\)$/\1 \2 \2/p'\'' | sed '\''/ __gnu_lto/d'\'''
lt_cv_sys_global_symbol_to_c_name_address='sed -n -e '\''s/^: \([^ ]*\)[ ]*$/  {\"\1\", (void *) 0},/p'\'' -e '\''s/^[ABCDGIRSTW]* \([^ ]*\) \([^ ]*\)$/  {"\2", (void *) \&\2},/p'\'''
lt_cv_sys_global_symbol_to_c_name_address_lib_prefix='sed -n -e '\''s/^: \([^ ]*\)[ ]*$/  {\"\1\", (void *) 0},/p'\'' -e '\''s/^[ABCDGIRSTW]* \([^ ]*\) \(lib[^ ]*\)$/  {"\2", (void *) \&\2},/p'\'' -e '\''s/^[ABCDGIRSTW]* \([^ ]*\) \([^ ]*\)$/  {"lib\2", (void *) \&\2},/p'\'''
lt_cv_sys_global_symbol_to_cdecl='sed -n -e '\''s/^T .* \(.*\)$/extern int \1();/p'\'' -e '\''s/^[ABCDGIRSTW]* .* \(.*\)$/extern char \1;/p'\'''
lt_cv_sys_max_cmd_len=1572864
lt_cv_to_host_file_cmd=func_convert_file_noop
lt_cv_to_tool_file_cmd=func_convert_file_noop

## ----------------- ##
## Output variables. ##
## ----------------- ##

ACLOCAL='${SHELL} /home/ben/Sandpit/pge-0.3/missing aclocal-1.15'
AMDEPBACKSLASH='\'
AMDEP_FALSE='#'
AMDEP_TRUE=''
AMTAR='$${TAR-tar}'
AM_BACKSLASH='\'
AM_DEFAULT_V='$(AM_DEFAULT_VERBOSITY)'
AM_DEFAULT_VERBOSITY='1'
AM_V='$(V)'
AR='ar'
AUTOCONF='${SHELL} /home/ben/Sandpit/pge-0.3/missing autoconf'
AUTOHEADER='${SHELL} /home/ben/Sandpit/pge-0.3/missing autoheader'
AUTOMAKE='${SHELL} /home/ben/Sandpit/pge-0.3/missing automake-1.15'
AWK='gawk'
CC='gcc'
CCDEPMODE='depmode=gcc3'
CFLAGS='-g -O2'
CPP='gcc -E'
CPPFLAGS=''
CXX='g++'
CXXCPP='g++ -E'
CXXDEPMODE='depmode=gcc3'
CXXFLAGS='-g -O2'
CYGPATH_W='echo'
DEFS='-DPACKAGE_NAME=\"pge\" -DPACKAGE_TARNAME=\"pge\" -DPACKAGE_VERSION=\"0.1\" -DPACKAGE_STRING=\"pge\ 0.1\" -DPACKAGE_BUGREPORT=\"\" -DPACKAGE_URL=\"\" -DPACKAGE=\"pge\" -DVERSION=\"0.1\" -DSTDC_HEADERS=1 -DHAVE_SYS_TYPES_H=1 -DHAVE_SYS_STAT_H=1 -DHAVE_STDLIB_H=1 -DHAVE_STRING_H=1 -DHAVE_MEMORY_H=1 -DHAVE_STRINGS_H=1 -DHAVE_INTTYPES_H=1 -DHAVE_STDINT_H=1 -DHAVE_UNISTD_H=1 -DHAVE_DLFCN_H=1 -DLT_OBJDIR=\".libs/\"'
DEPDIR='.deps'
DLLTOOL='false'
DSYMUTIL=''
DUMPBIN=''
ECHO_C=''
ECHO_N='-n'
ECHO_T=''
EGREP='/bin/grep -E'
EXEEXT=''
FGREP='/bin/grep -F'
GREP='/bin/grep'
INSTALL_DATA='${INSTALL} -m 644'
INSTALL_PROGRAM='${INSTALL}'
INSTALL_SCRIPT='${INSTALL}'
INSTALL_STRIP_PROGRAM='$(install_sh) -c -s'
LD='/usr/bin/ld -m elf_x86_64'
LDFLAGS=''
LIBOBJS=''
LIBS=''
LIBTOOL='$(SHELL) $(top_builddir)/libtool'
LIBTOOL_DEPS='../pge-0.3/ltmain.sh'
LIPO=''
LN_S='ln -s'
LTLIBOBJS=''
MAKEINFO='${SHELL} /home/ben/Sandpit/pge-0.3/missing makeinfo'
MANIFEST_TOOL=':'
MKDIR_P='/bin/mkdir -p'
NM='/usr/bin/nm -B'
NMEDIT=''
OBJDUMP='objdump'
OBJEXT='o'
OTOOL64=''
OTOOL=''
PACKAGE='pge'
PACKAGE_BUGREPORT=''
PACKAGE_NAME='pge'
PACKAGE_STRING='pge 0.1'
PACKAGE_TARNAME='pge'
PACKAGE_URL=''
PACKAGE_VERSION='0.1'
PATH_SEPARATOR=':'
RANLIB='ranlib'
SED='/bin/sed'
SET_MAKE=''
SHELL='/bin/bash'
STRIP='strip'
VERSION='0.1'
ac_ct_AR='ar'
ac_ct_CC='gcc'
ac_ct_CXX='g++'
ac_ct_DUMPBIN=''
am__EXEEXT_FALSE=''
am__EXEEXT_TRUE='#'
am__fastdepCC_FALSE='#'
am__fastdepCC_TRUE=''
am__fastdepCXX_FALSE='#'
am__fastdepCXX_TRUE=''
am__include='include'
am__isrc=' -I$(srcdir)'
am__leading_dot='.'
am__nodep='_no'
am__quote=''
am__tar='$${TAR-tar} chof - "$$tardir"'
am__untar='$${TAR-tar} xf -'
bindir='${exec_prefix}/bin'
build='x86_64-unknown-linux-gnu'
build_alias=''
build_cpu='x86_64'
build_os='linux-gnu'
build_vendor='unknown'
datadir='${datarootdir}'
datarootdir='${prefix}/share'
docdir='${datarootdir}/doc/${PACKAGE_TARNAME}'
dvidir='${docdir}'
exec_prefix='${prefix}'
host='x86_64-unknown-linux-gnu'
host_alias=''
host_cpu='x86_64'
host_os='linux-gnu'
host_vendor='unknown'
htmldir='${docdir}'
includedir='${prefix}/include'
infodir='${datarootdir}/info'
install_sh='${SHELL} /home/ben/Sandpit/pge-0.3/install-sh'
libdir='${exec_prefix}/lib'
libexecdir='${exec_prefix}/libexec'
localedir='${datarootdir}/locale'
localstatedir='${prefix}/var'
mandir='${datarootdir}/man'
mkdir_p='$(MKDIR_P)'
oldincludedir='/usr/include'
pdfdir='${docdir}'
prefix='/usr/local'
program_transform_name='s,x,x,'
psdir='${docdir}'
sbindir='${exec_prefix}/sbin'
sharedstatedir='${prefix}/com'
sysconfdir='${prefix}/etc'
target_alias=''

## ----------- ##
## confdefs.h. ##
## ----------- ##

/* confdefs.h */
#define PACKAGE_NAME "pge"
#define PACKAGE_TARNAME "pge"
#define PACKAGE_VERSION "0.1"
#define PACKAGE_STRING "pge 0.1"
#define PACKAGE_BUGREPORT ""
#define PACKAGE_URL ""
#define PACKAGE "pge"
#define VERSION "0.1"
#define STDC_HEADERS 1
#define HAVE_SYS_TYPES_H 1
#define HAVE_SYS_STAT_H 1
#define HAVE_STDLIB_H 1
#define HAVE_STRING_H 1
#define HAVE_MEMORY_H 1
#define HAVE_STRINGS_H 1
#define HAVE_INTTYPES_H 1
#define HAVE_STDINT_H 1
#define HAVE_UNISTD_H 1
#define HAVE_DLFCN_H 1
#define LT_OBJDIR ".libs/"

configure: exit 0
